Book is registeredat2023-02-1019:22:20.217358800nullTool is registeredat2023-02-1019:22:20.239545100nullTool is registeredat2023-02-1019:22:20.239545100nullBook is registeredat2023-02-1019:22:20.240543500nullBook is registeredat2023-02-1019:22:20.240543500nullBook is registeredat2023-02-1019:22:20.241542800nullMovie is registeredat2023-02-1019:22:20.255254100nullBook is registeredat2023-02-1019:22:20.256253800nullBook is registeredat2023-02-1019:22:20.257252700nullMovie is registeredat2023-02-1019:22:20.257252700nullTool is registeredat2023-02-1019:22:20.257252700nullBook is registeredat2023-02-1019:22:20.258253100nullTool is registeredat2023-02-1019:22:20.259255nullTool is registeredat2023-02-1019:22:20.259255nullTool is registeredat2023-02-1019:22:20.259255nullBook is registeredat2023-02-1019:22:20.260412100nullBook is registeredat2023-02-1019:22:20.274151600nullMovie is registeredat2023-02-1019:22:20.275158200nullMovie is registeredat2023-02-1019:22:20.275158200nullMovie is registeredat2023-02-1019:22:20.275158200nullMovie is registeredat2023-02-1019:22:20.276150900nullMovie is registeredat2023-02-1019:22:20.276150900nullMovie is registeredat2023-02-1019:22:20.276150900nullMovie is registeredat2023-02-1019:22:20.277227700nullMovie is registeredat2023-02-1019:22:20.277227700nullMovie is registeredat2023-02-1019:22:20.277976400nullMovie is registeredat2023-02-1019:22:20.277976400nullTool is registeredat2023-02-1019:22:20.277976400nullTool is registeredat2023-02-1019:22:20.277976400nullMovie is registeredat2023-02-1019:22:20.280004700nullMovie is registeredat2023-02-1019:22:20.283009nullBook is registeredat2023-02-1019:22:20.287630700nullMovie is registeredat2023-02-1019:22:20.289130200nullMovie is registeredat2023-02-1019:22:20.289130200nullBook is registeredat2023-02-1019:22:20.289626600nullBook is registeredat2023-02-1019:22:20.289626600nullMovie is registeredat2023-02-1019:22:20.305604700nullMovie is registeredat2023-02-1019:22:20.308616800nullBook is registeredat2023-02-1019:22:20.309604100nullBook is registeredat2023-02-1019:22:20.311088600nullMovie is registeredat2023-02-1019:22:20.311712nullTool is registeredat2023-02-1019:22:20.311712nullBook is registeredat2023-02-1019:22:20.312548nullMovie is registeredat2023-02-1019:22:20.313112800nullMovie is registeredat2023-02-1019:22:20.313642300nullMovie is registeredat2023-02-1019:22:20.313794800nullMovie is registeredat2023-02-1019:22:20.314512200nullBook is registeredat2023-02-1019:22:20.314512200nullBook is registeredat2023-02-1019:22:20.314512200nullMovie is registeredat2023-02-1019:22:20.316888800nullMovie is registeredat2023-02-1019:22:20.317390nullBook is registeredat2023-02-1019:22:20.317889100nullMovie is registeredat2023-02-1019:22:20.317889100nullTool is registeredat2023-02-1019:22:20.317889100nullBook is registeredat2023-02-1019:22:20.319066300nullMovie is registeredat2023-02-1019:22:20.319066300nullBook is registeredat2023-02-1019:22:20.319066300nullMovie is registeredat2023-02-1019:22:20.319066300nullMovie is registeredat2023-02-1019:22:20.320058300nullBook is registeredat2023-02-1019:22:20.320058300nullTool is registeredat2023-02-1019:22:20.320058300nullBook is registeredat2023-02-1019:22:20.320058300nullBook is registeredat2023-02-1019:22:20.321058400nullMovie is registeredat2023-02-1019:22:20.321058400nullMovie is registeredat2023-02-1019:22:20.321058400nullMovie is registeredat2023-02-1019:22:20.321058400nullMovie is registeredat2023-02-1019:22:20.322064600nullTool is registeredat2023-02-1019:22:20.330259800nullMovie is registeredat2023-02-1019:22:20.330259800nullMovie is registeredat2023-02-1019:22:20.330259800nullBook is registeredat2023-02-1019:22:20.331615700nullBook is registeredat2023-02-1019:22:20.331615700nullBook is registeredat2023-02-1019:22:20.332652300nullBook is registeredat2023-02-1019:22:20.332652300nullMovie is registeredat2023-02-1019:22:20.332652300nullMovie is registeredat2023-02-1019:22:20.333649300nullMovie is registeredat2023-02-1019:22:20.333649300nullBook is registeredat2023-02-1019:22:20.333649300nullMovie is registeredat2023-02-1019:22:20.334648800nullMovie is registeredat2023-02-1019:22:20.334648800nullMovie is registeredat2023-02-1019:22:20.334648800nullMovie is registeredat2023-02-1019:22:20.334648800nullMovie is registeredat2023-02-1019:22:20.335647300nullBook is registeredat2023-02-1019:22:20.344650300nullTool is registeredat2023-02-1019:22:20.345650300nullBook is registeredat2023-02-1019:22:20.345650300nullTool is registeredat2023-02-1019:22:20.345650300nullMovie is registeredat2023-02-1019:22:20.355736500nullMovie is registeredat2023-02-1019:22:20.356736900nullTool is registeredat2023-02-1019:22:20.356736900nullMovie is registeredat2023-02-1019:22:20.356736900nullMovie is registeredat2023-02-1019:22:20.357737200nullMovie is registeredat2023-02-1019:22:20.357737200nullTool is registeredat2023-02-1019:22:20.357737200nullTool is registeredat2023-02-1019:22:20.358736300nullMovie is registeredat2023-02-1019:22:20.358736300nullTool is registeredat2023-02-1019:22:20.358736300nullMovie is registeredat2023-02-1019:22:20.358736300nullMovie is registeredat2023-02-1019:22:20.359736100nullMovie is registeredat2023-02-1019:22:20.359736100nullMovie is registeredat2023-02-1019:22:20.359736100nullTool is registeredat2023-02-1019:22:20.359736100nullTool is registeredat2023-02-1019:22:20.360737800nullTool is registeredat2023-02-1019:22:20.360737800nullMovie is registeredat2023-02-1019:22:20.360737800nullMovie is registeredat2023-02-1019:22:20.372737300nullBook is registeredat2023-02-1019:22:20.373737500nullBook is registeredat2023-02-1019:22:20.373737500nullBook is registeredat2023-02-1019:22:20.373737500nullBook is registeredat2023-02-1019:22:20.374737600nullBook is registeredat2023-02-1019:22:20.374737600nullBook is registeredat2023-02-1019:22:20.375245400nullBook is registeredat2023-02-1019:22:20.375245400nullMovie is registeredat2023-02-1019:22:20.375245400nullBook is registeredat2023-02-1019:22:20.376251900nullBook is registeredat2023-02-1019:22:20.376251900nullBook is registeredat2023-02-1019:22:20.376251900nullBook is registeredat2023-02-1019:22:20.376251900nullBook is registeredat2023-02-1019:22:20.377252500nullBook is registeredat2023-02-1019:22:20.377252500nullBook is registeredat2023-02-1019:22:20.377252500nullMovie is registeredat2023-02-1019:22:20.378511nullBook is registeredat2023-02-1019:22:20.378511nullBook is registeredat2023-02-1019:22:20.378511nullBook is registeredat2023-02-1019:26:49.985756700nullTool is registeredat2023-02-1019:26:49.998423400nullTool is registeredat2023-02-1019:26:49.999300200nullBook is registeredat2023-02-1019:26:49.999300200nullBook is registeredat2023-02-1019:26:50.000629900nullBook is registeredat2023-02-1019:26:50.000629900nullMovie is registeredat2023-02-1019:26:50.001629nullBook is registeredat2023-02-1019:26:50.002629900nullBook is registeredat2023-02-1019:26:50.004218800nullMovie is registeredat2023-02-1019:26:50.004218800nullTool is registeredat2023-02-1019:26:50.004218800nullBook is registeredat2023-02-1019:26:50.005228200nullTool is registeredat2023-02-1019:26:50.005228200nullTool is registeredat2023-02-1019:26:50.005228200nullTool is registeredat2023-02-1019:26:50.006229800nullBook is registeredat2023-02-1019:26:50.006229800nullBook is registeredat2023-02-1019:26:50.010228400nullMovie is registeredat2023-02-1019:26:50.010228400nullMovie is registeredat2023-02-1019:26:50.011235900nullMovie is registeredat2023-02-1019:26:50.011235900nullMovie is registeredat2023-02-1019:26:50.011235900nullMovie is registeredat2023-02-1019:26:50.012227300nullMovie is registeredat2023-02-1019:26:50.012227300nullMovie is registeredat2023-02-1019:26:50.012227300nullMovie is registeredat2023-02-1019:26:50.013226900nullMovie is registeredat2023-02-1019:26:50.013226900nullMovie is registeredat2023-02-1019:26:50.013226900nullTool is registeredat2023-02-1019:26:50.014308600nullTool is registeredat2023-02-1019:26:50.014308600nullMovie is registeredat2023-02-1019:26:50.014308600nullMovie is registeredat2023-02-1019:26:50.014308600nullBook is registeredat2023-02-1019:26:50.015316600nullMovie is registeredat2023-02-1019:26:50.015316600nullMovie is registeredat2023-02-1019:26:50.016105200nullBook is registeredat2023-02-1019:26:50.016180300nullBook is registeredat2023-02-1019:26:50.016180300nullMovie is registeredat2023-02-1019:26:50.017197100nullMovie is registeredat2023-02-1019:26:50.018418600nullBook is registeredat2023-02-1019:26:50.018418600nullBook is registeredat2023-02-1019:26:50.018418600nullMovie is registeredat2023-02-1019:26:50.019480700nullTool is registeredat2023-02-1019:26:50.019480700nullBook is registeredat2023-02-1019:26:50.020482nullMovie is registeredat2023-02-1019:26:50.020482nullMovie is registeredat2023-02-1019:26:50.021477nullMovie is registeredat2023-02-1019:26:50.022009500nullMovie is registeredat2023-02-1019:26:50.022009500nullBook is registeredat2023-02-1019:26:50.022009500nullBook is registeredat2023-02-1019:26:50.023119400nullMovie is registeredat2023-02-1019:26:50.023119400nullMovie is registeredat2023-02-1019:26:50.023985200nullBook is registeredat2023-02-1019:26:50.024377500nullMovie is registeredat2023-02-1019:26:50.024725800nullTool is registeredat2023-02-1019:26:50.024725800nullBook is registeredat2023-02-1019:26:50.024725800nullMovie is registeredat2023-02-1019:26:50.025741100nullBook is registeredat2023-02-1019:26:50.026286800nullMovie is registeredat2023-02-1019:26:50.026664800nullMovie is registeredat2023-02-1019:26:50.026664800nullBook is registeredat2023-02-1019:26:50.026664800nullTool is registeredat2023-02-1019:26:50.026664800nullBook is registeredat2023-02-1019:26:50.026664800nullBook is registeredat2023-02-1019:26:50.028044900nullMovie is registeredat2023-02-1019:26:50.028044900nullMovie is registeredat2023-02-1019:26:50.028044900nullMovie is registeredat2023-02-1019:26:50.028044900nullMovie is registeredat2023-02-1019:26:50.029043700nullTool is registeredat2023-02-1019:26:50.029043700nullMovie is registeredat2023-02-1019:26:50.030047100nullMovie is registeredat2023-02-1019:26:50.030047100nullBook is registeredat2023-02-1019:26:50.030047100nullBook is registeredat2023-02-1019:26:50.030047100nullBook is registeredat2023-02-1019:26:50.031046nullBook is registeredat2023-02-1019:26:50.031046nullMovie is registeredat2023-02-1019:26:50.031046nullMovie is registeredat2023-02-1019:26:50.031046nullMovie is registeredat2023-02-1019:26:50.032045300nullBook is registeredat2023-02-1019:26:50.032045300nullMovie is registeredat2023-02-1019:26:50.032045300nullMovie is registeredat2023-02-1019:26:50.033045700nullMovie is registeredat2023-02-1019:26:50.033045700nullMovie is registeredat2023-02-1019:26:50.034360400nullMovie is registeredat2023-02-1019:26:50.034859600nullBook is registeredat2023-02-1019:26:50.034859600nullTool is registeredat2023-02-1019:26:50.035870300nullBook is registeredat2023-02-1019:26:50.035870300nullTool is registeredat2023-02-1019:26:50.035870300nullMovie is registeredat2023-02-1019:26:50.037870900nullMovie is registeredat2023-02-1019:26:50.037870900nullTool is registeredat2023-02-1019:26:50.037870900nullMovie is registeredat2023-02-1019:26:50.038871100nullMovie is registeredat2023-02-1019:26:50.038871100nullMovie is registeredat2023-02-1019:26:50.039379600nullTool is registeredat2023-02-1019:26:50.039379600nullTool is registeredat2023-02-1019:26:50.039379600nullMovie is registeredat2023-02-1019:26:50.039379600nullTool is registeredat2023-02-1019:26:50.040386100nullMovie is registeredat2023-02-1019:26:50.040386100nullMovie is registeredat2023-02-1019:26:50.040898nullMovie is registeredat2023-02-1019:26:50.040898nullMovie is registeredat2023-02-1019:26:50.040898nullTool is registeredat2023-02-1019:26:50.041404500nullTool is registeredat2023-02-1019:26:50.041404500nullTool is registeredat2023-02-1019:26:50.041898200nullMovie is registeredat2023-02-1019:26:50.041898200nullMovie is registeredat2023-02-1019:26:50.042898900nullBook is registeredat2023-02-1019:26:50.042898900nullBook is registeredat2023-02-1019:26:50.043399100nullBook is registeredat2023-02-1019:26:50.043399100nullBook is registeredat2023-02-1019:26:50.043898nullBook is registeredat2023-02-1019:26:50.043898nullBook is registeredat2023-02-1019:26:50.044397800nullBook is registeredat2023-02-1019:26:50.044397800nullMovie is registeredat2023-02-1019:26:50.044898600nullBook is registeredat2023-02-1019:26:50.044898600nullBook is registeredat2023-02-1019:26:50.044898600nullBook is registeredat2023-02-1019:26:50.045397nullBook is registeredat2023-02-1019:26:50.045397nullBook is registeredat2023-02-1019:26:50.045897400nullBook is registeredat2023-02-1019:26:50.045897400nullBook is registeredat2023-02-1019:26:50.045897400nullMovie is registeredat2023-02-1019:26:50.045897400nullBook is registeredat2023-02-1019:26:50.045897400nullBook is registeredat2023-02-1019:26:50.047272300nullBook is registeredat2023-02-1019:32:52.340076300nullTool is registeredat2023-02-1019:32:52.350544300nullTool is registeredat2023-02-1019:32:52.353558600nullBook is registeredat2023-02-1019:33:01.699796900nullBook is registeredat2023-02-1019:33:14.227407100nullBook is registeredat2023-02-1019:33:41.215306nullMovie is registeredat2023-02-1019:33:41.217806200nullBook is registeredat2023-02-1019:33:41.219934500nullBook is registeredat2023-02-1019:33:41.220541600nullMovie is registeredat2023-02-1019:33:41.221341700nullTool is registeredat2023-02-1019:33:41.221341700nullBook is registeredat2023-02-1019:33:41.223057400nullTool is registeredat2023-02-1019:33:41.223551700nullTool is registeredat2023-02-1019:33:41.224760800nullTool is registeredat2023-02-1019:33:41.225480800nullBook is registeredat2023-02-1019:33:41.226189900nullBook is registeredat2023-02-1019:33:41.228677100nullMovie is registeredat2023-02-1019:33:41.230004300nullMovie is registeredat2023-02-1019:33:41.230513100nullMovie is registeredat2023-02-1019:33:41.231012700nullMovie is registeredat2023-02-1019:33:41.231562nullMovie is registeredat2023-02-1019:33:41.232056600nullMovie is registeredat2023-02-1019:33:41.234066200nullMovie is registeredat2023-02-1019:33:41.239836200nullMovie is registeredat2023-02-1019:33:41.242020700nullMovie is registeredat2023-02-1019:33:41.243076nullMovie is registeredat2023-02-1019:33:41.243577100nullTool is registeredat2023-02-1019:33:41.245055100nullTool is registeredat2023-02-1019:33:41.245837400nullMovie is registeredat2023-02-1019:33:41.246065700nullMovie is registeredat2023-02-1019:33:41.246065700nullBook is registeredat2023-02-1019:33:41.246065700nullMovie is registeredat2023-02-1019:33:41.247448300nullMovie is registeredat2023-02-1019:33:41.248179nullBook is registeredat2023-02-1019:33:41.248179nullBook is registeredat2023-02-1019:33:41.248179nullMovie is registeredat2023-02-1019:33:41.249680600nullMovie is registeredat2023-02-1019:33:41.249680600nullBook is registeredat2023-02-1019:33:41.250694900nullBook is registeredat2023-02-1019:33:41.250694900nullMovie is registeredat2023-02-1019:33:41.250694900nullTool is registeredat2023-02-1019:33:41.251690400nullBook is registeredat2023-02-1019:33:41.251690400nullMovie is registeredat2023-02-1019:33:41.252658nullBook is registeredat2023-02-1019:40:09.305337200* Exhalation
 - Written by: Ted Chiang
 - Published: 2008-11-15
 - Id: 854a51aa-d852-4317-bf14-af526675cc08Tool is registeredat2023-02-1019:40:09.355546700* socket wrench
 - Manufacturer: Craftsman
 - Amount: 1
 - Id: 7ed00efa-8e73-425b-b796-22c75c24f22dTool is registeredat2023-02-1019:40:09.364975400* socket wrench
 - Manufacturer: DeWalt
 - Amount: 2
 - Id: 9a16c415-65c5-4d99-8b2c-85146fd7e697Book is registeredat2023-02-1019:40:09.364975400* Good Omens: The Nice and Accurate Prophecies of Agnes Nutter, Witch
 - Written by: Terry Pratchett & Neil Gaiman
 - Published: 1990-05-01
 - Id: 313b515a-e9f7-4586-b62c-a795fbb20d4bBook is registeredat2023-02-1019:40:09.366935600* Foundation
 - Written by: Isaac Asimov
 - Published: 1951-08-30
 - Id: 05d50782-b40d-4ae1-96fe-8cd54b5358a4Book is registeredat2023-02-1019:40:09.366935600* Foundation's Edge
 - Written by: Isaac Asimov
 - Published: 1982-10-28
 - Id: 1c80135b-26b4-44dc-b2d0-9034612325d6Movie is registeredat2023-02-1019:40:09.386835500* Home Alone
 - Directed by: Chris Columbus
 - Release Date: 1990-11-16
 - Id: f747b6bd-296b-4b10-9e5b-d5c7c5ad36d8Book is registeredat2023-02-1019:40:09.389006600* The Hunger Games
 - Written by: Suzanne Collins
 - Published: 2008-09-14
 - Id: d0ac5be0-7641-49e8-9475-c879e623c452Book is registeredat2023-02-1019:40:09.389006600* Going Postal
 - Written by: Terry Pratchett
 - Published: 2004-09-25
 - Id: 12686d0c-e306-453e-afe4-4b9dd2cc27acMovie is registeredat2023-02-1019:40:09.389006600* Jurassic Park
 - Directed by: Steven Spielberg
 - Release Date: 1993-06-11
 - Id: bfafe172-041b-41c6-8eaf-4ca9b8b8572cTool is registeredat2023-02-1019:40:09.390006900* power drill
 - Manufacturer: DeWalt
 - Amount: 2
 - Id: 8e006a60-f29b-4efd-901a-15e1807ab11fBook is registeredat2023-02-1019:40:09.390271200* Making Money
 - Written by: Terry Pratchett
 - Published: 2007-09-18
 - Id: af930286-a0e3-4af5-93b9-c5316c18af0aTool is registeredat2023-02-1019:40:09.390919400* hand saw
 - Manufacturer: Craftsman
 - Amount: 1
 - Id: ff021ada-ff51-4b19-81a7-d2be9031b5cfTool is registeredat2023-02-1019:40:09.390919400* hammer
 - Manufacturer: Craftsman
 - Amount: 1
 - Id: c07a6f21-6c07-4231-9cc7-6d73c673df04Tool is registeredat2023-02-1019:40:09.391815300* stapler
 - Manufacturer: DeWalt
 - Amount: 2
 - Id: 0264bb3b-5e7f-447e-a6b9-9a2884169123Book is registeredat2023-02-1019:40:09.392315* Stranger in a Strange Land
 - Written by: Robert A. Heinlein
 - Published: 1961-06-01
 - Id: 8ba16f95-1f3f-44ce-a546-1e5489547114Book is registeredat2023-02-1019:40:09.396331* Exhalation
 - Written by: Ted Chiang
 - Published: 2008-11-15
 - Id: 818bb00e-d207-4b91-ba77-b4dce6c64939Movie is registeredat2023-02-1019:40:09.397330600* Memento
 - Directed by: Christopher Nolan
 - Release Date: 2000-10-11
 - Id: 34773eee-6872-4057-af86-9e32293f9c6bMovie is registeredat2023-02-1019:40:09.397330600* Inception
 - Directed by: Christopher Nolan
 - Release Date: 2010-07-15
 - Id: 7678a8d3-1a87-4d71-8391-7e54d7ce55ceMovie is registeredat2023-02-1019:40:09.397330600* Interstellar
 - Directed by: Christopher Nolan
 - Release Date: 2014-11-05
 - Id: 31bd3fca-af9f-406e-b47f-c951b852dde3Movie is registeredat2023-02-1019:40:09.398520700* Rouge One
 - Directed by: Gareth Edwards
 - Release Date: 2016-12-16
 - Id: 6977cb1a-0932-4915-ad94-19a6a4941a3bMovie is registeredat2023-02-1019:40:09.398960200* Contact
 - Directed by: Robert Zemeckis
 - Release Date: 1997-07-11
 - Id: 7abbcdac-48fb-46c7-ac8b-9a0cb73e53f4Movie is registeredat2023-02-1019:40:09.399338700* Jurassic Park
 - Directed by: Steven Spielberg
 - Release Date: 1993-06-11
 - Id: 9140927e-3678-4b5b-909b-8161ddb672d0Movie is registeredat2023-02-1019:40:09.399757300* The Hitchhiker's Guide to the Galaxy
 - Directed by: Garth Jennings
 - Release Date: 2005-04-28
 - Id: cdfe58e7-1fec-4655-8943-cfffe5d3f88eMovie is registeredat2023-02-1019:40:09.400080600* Star Wars
 - Directed by: George Lucas
 - Release Date: 1977-05-25
 - Id: 03587706-ab7c-4e0e-822d-159114be9644Movie is registeredat2023-02-1019:40:09.400080600* Star Trek
 - Directed by: J.J. Abrams
 - Release Date: 2009-05-06
 - Id: 75f283e9-a797-4f82-9324-269b5b0ea47dMovie is registeredat2023-02-1019:40:09.400080600* Star Trek Into Darkness
 - Directed by: J.J. Abrams
 - Release Date: 2013-05-05
 - Id: 6021edf6-3cad-4464-b197-04cf728ad5ecTool is registeredat2023-02-1019:40:09.401173* power drill
 - Manufacturer: DeWalt
 - Amount: 1
 - Id: 3e92728f-75ad-49bf-b507-5a3b044f57f6Tool is registeredat2023-02-1019:40:09.401529* socket wrench
 - Manufacturer: DeWalt
 - Amount: 3
 - Id: 1328c3f4-2d65-434f-82d9-72243559216dMovie is registeredat2023-02-1019:40:09.401529* Forrest Gump
 - Directed by: Robert Zemeckis
 - Release Date: 1994-07-06
 - Id: f5fdc9af-17ff-4983-9911-e2068efaa1f0Movie is registeredat2023-02-1019:40:09.402694500* Cast Away
 - Directed by: Robert Zemeckis
 - Release Date: 2000-12-22
 - Id: d0ee67b2-f8fc-44ef-9dda-807d989ce085Book is registeredat2023-02-1019:40:09.402694500* Good Omens: The Nice and Accurate Prophecies of Agnes Nutter, Witch
 - Written by: Terry Pratchett & Neil Gaiman
 - Published: 1990-05-01
 - Id: e83edff1-bcae-46ef-8119-04fbfebc0989Movie is registeredat2023-02-1019:40:09.403953100* The Fifth Element
 - Directed by: Luc Besson
 - Release Date: 1997-05-02
 - Id: f7d31de3-fb14-4a5b-ac22-2477d4464a20Movie is registeredat2023-02-1019:40:09.403953100* Close Encounters of the Third Kind
 - Directed by: Steven Spielberg
 - Release Date: 1977-11-18
 - Id: 3c067731-3eb2-4d26-8ef4-b26dfc2263c0Book is registeredat2023-02-1019:40:09.404960200* The Hitchhiker's Guide to the Galaxy
 - Written by: Douglas Adams
 - Published: 1979-10-12
 - Id: a9d21ac5-3a89-44bc-87ab-1f7a9c8bc0b7Book is registeredat2023-02-1019:40:09.405433400* Animal Farm
 - Written by: George Orwell
 - Published: 1945-08-17
 - Id: 16a9a19f-0474-4ed8-a240-d5aa4b58e3acMovie is registeredat2023-02-1019:40:09.406304100* Star Wars
 - Directed by: George Lucas
 - Release Date: 1977-05-25
 - Id: 8298fcf2-f6aa-4151-ad43-99cdbb50da17Movie is registeredat2023-02-1019:40:09.407351700* Jurassic Park
 - Directed by: Steven Spielberg
 - Release Date: 1993-06-11
 - Id: ed818ffb-77f9-4fea-8d5d-c311204fd827Book is registeredat2023-02-1019:40:09.407351700* Jurassic Park
 - Written by: Michael Crichton
 - Published: 1990-11-20
 - Id: 8a6782f7-dc9a-4505-a481-5728c144e8f2Book is registeredat2023-02-1019:40:09.408558600* The Hitchhiker's Guide to the Galaxy
 - Written by: Douglas Adams
 - Published: 1979-10-12
 - Id: 923e5edf-1692-4fb0-a5e4-a722174663d5Movie is registeredat2023-02-1019:40:09.409057600* The Hitchhiker's Guide to the Galaxy
 - Directed by: Garth Jennings
 - Release Date: 2005-04-28
 - Id: c8daaad8-a1c8-4035-9b41-97e18bc23f54Tool is registeredat2023-02-1019:40:09.409057600* stapler
 - Manufacturer: Swingline
 - Amount: 2
 - Id: 5b68453f-3618-4d15-a7ed-452332750835Book is registeredat2023-02-1019:40:09.410018100* Oh, the Places You'll Go!
 - Written by: Dr. Seuss
 - Published: 1990-01-22
 - Id: 570adc9d-fcc9-4048-9850-bc761de18e79Movie is registeredat2023-02-1019:40:09.410406* Finding Nemo
 - Directed by: Andrew Stanton
 - Release Date: 2003-05-30
 - Id: 9e04349d-cc3a-4097-b9b2-3346f124c00eMovie is registeredat2023-02-1019:40:09.411014100* WALL·E
 - Directed by: Andrew Stanton
 - Release Date: 2008-06-22
 - Id: 4a26c24c-1b2f-4f28-9a0b-d70529306912Movie is registeredat2023-02-1019:40:09.411065* Coco
 - Directed by: Lee Unkrich
 - Release Date: 2017-10-27
 - Id: 7334a9ed-b512-40b3-b407-260bc4a4671dMovie is registeredat2023-02-1019:40:09.411820* Toy Story 3
 - Directed by: Lee Unkrich
 - Release Date: 2010-06-16
 - Id: 3fd4df4b-85fb-4488-a3b5-8c9b0cb41249Book is registeredat2023-02-1019:40:09.411820* Stranger in a Strange Land
 - Written by: Robert A. Heinlein
 - Published: 1961-06-01
 - Id: 0752d9ae-83a2-459f-8e6c-8728a3a70754Book is registeredat2023-02-1019:40:09.412329800* The Moon is a Harsh Mistress
 - Written by: Robert A. Heinlein
 - Published: 1966-06-02
 - Id: e8ad7b9f-e47d-4cdd-aa5c-9d70155cb3eaMovie is registeredat2023-02-1019:40:09.412329800* The Polar Express
 - Directed by: Robert Zemeckis
 - Release Date: 2004-11-10
 - Id: e9fbd142-cabf-4f06-9b25-cb97604f0390Movie is registeredat2023-02-1019:40:09.413339900* Shrek
 - Directed by: Andrew Adamson
 - Release Date: 2001-05-18
 - Id: 38750bc4-a6b9-433f-b63f-d2b1155102b8Book is registeredat2023-02-1019:40:09.413339900* Going Postal
 - Written by: Terry Pratchett
 - Published: 2004-09-25
 - Id: f8f15a06-84c3-4970-81d5-c058a5f2c483Movie is registeredat2023-02-1019:40:09.414678300* Home Alone
 - Directed by: Chris Columbus
 - Release Date: 1990-11-16
 - Id: 3b7d6df4-1ee9-4d9a-b395-f0ced9a57631Tool is registeredat2023-02-1019:40:09.414678300* hand saw
 - Manufacturer: Craftsman
 - Amount: 1
 - Id: 15623109-9708-466e-af90-fb484624c3a8Book is registeredat2023-02-1019:40:09.415714100* Raising Steam
 - Written by: Terry Pratchett
 - Published: 2013-11-07
 - Id: 17bfae94-b343-4d83-af07-e3ce1ab8f906Movie is registeredat2023-02-1019:40:09.416131400* Back to the Future Part III
 - Directed by: Robert Zemeckis
 - Release Date: 1990-05-25
 - Id: 0c12c6c7-038b-45f3-ad69-4f927ad22695Book is registeredat2023-02-1019:40:09.416573900* Making Money
 - Written by: Terry Pratchett
 - Published: 2007-09-18
 - Id: 70509963-a786-4445-b13e-6f0e19ccac2aMovie is registeredat2023-02-1019:40:09.416898900* Back to the Future
 - Directed by: Robert Zemeckis
 - Release Date: 1985-07-03
 - Id: a3a7ab4b-3266-46db-b4ec-62c65d50c283Movie is registeredat2023-02-1019:40:09.417272300* Back to the Future Part II
 - Directed by: Robert Zemeckis
 - Release Date: 1989-11-22
 - Id: 9e383578-e730-4872-bea6-fecf104ca9deBook is registeredat2023-02-1019:40:09.417272300* The Fellowship of the Ring
 - Written by: J. R. R. Tolkien
 - Published: 1954-07-29
 - Id: 8d4ea5d3-8bfc-4c04-8680-82c3b7139dbeTool is registeredat2023-02-1019:40:09.417795600* hammer
 - Manufacturer: Craftsman
 - Amount: 1
 - Id: 24df113d-4856-4270-a2bd-1b5f220764b4Book is registeredat2023-02-1019:40:09.418294900* The Two Towers
 - Written by: J. R. R. Tolkien
 - Published: 1954-11-11
 - Id: 0114b627-856e-4447-8da9-181282b4bafbBook is registeredat2023-02-1019:40:09.418794600* The Return of the King
 - Written by: J. R. R. Tolkien
 - Published: 1955-10-20
 - Id: 1e320593-5663-47f0-8085-4ca102e5c118Movie is registeredat2023-02-1019:40:09.419838800* Who Framed Roger Rabbit
 - Directed by: Robert Zemeckis
 - Release Date: 1988-06-21
 - Id: 44ceeee5-fb3f-4cac-90a7-fd8e9cc59c24Movie is registeredat2023-02-1019:40:09.419838800* The Lord of the Rings: The Fellowship of the Ring
 - Directed by: Peter Jackson
 - Release Date: 2001-12-18
 - Id: 7bbc02c5-fc7e-4626-97b5-1374516465d0Movie is registeredat2023-02-1019:40:09.419838800* The Lord of the Rings: The Two Towers
 - Directed by: Peter Jackson
 - Release Date: 2002-12-18
 - Id: b68acebf-3d52-40b6-aa37-a5b1ff2702ecMovie is registeredat2023-02-1019:40:09.422800400* The Lord of the Rings: The Return of the King
 - Directed by: Peter Jackson
 - Release Date: 2003-12-01
 - Id: 64421ecc-103b-4b2c-aa59-73f068ac9531Tool is registeredat2023-02-1019:40:09.425790200* hammer
 - Manufacturer: Craftsman
 - Amount: 1
 - Id: a40efec8-ab34-4c86-a260-44788ea45162Movie is registeredat2023-02-1019:40:09.425790200* Rouge One
 - Directed by: Gareth Edwards
 - Release Date: 2016-12-16
 - Id: 4206c488-0265-4093-bcc9-8b635cdd6762Movie is registeredat2023-02-1019:40:09.426798500* The Hitchhiker's Guide to the Galaxy
 - Directed by: Garth Jennings
 - Release Date: 2005-04-28
 - Id: 36d30af4-a3ee-4daa-93d4-4e7aea042ddcBook is registeredat2023-02-1019:40:09.427333600* Oh, the Places You'll Go!
 - Written by: Dr. Seuss
 - Published: 1990-01-22
 - Id: 9c47beac-60d0-4156-a8cf-c7cdd321f898Book is registeredat2023-02-1019:40:09.427878* The Fellowship of the Ring
 - Written by: J. R. R. Tolkien
 - Published: 1954-07-29
 - Id: dbb2ff65-0681-473e-a0de-4cd856c30dffBook is registeredat2023-02-1019:40:09.428377500* The Two Towers
 - Written by: J. R. R. Tolkien
 - Published: 1954-11-11
 - Id: e8ad6a6f-740b-4ed8-a1ed-6fe9f0b64d97Book is registeredat2023-02-1019:40:09.428877300* The Return of the King
 - Written by: J. R. R. Tolkien
 - Published: 1955-10-20
 - Id: e3b74220-b19b-4ff7-a67f-938a22ebfb15Movie is registeredat2023-02-1019:40:09.429377700* Star Trek
 - Directed by: J.J. Abrams
 - Release Date: 2009-05-06
 - Id: 3ca2d4e6-7ab2-40c4-90e8-c25c5d0febcaMovie is registeredat2023-02-1019:40:09.430033200* Star Trek II: The Wrath of Khan
 - Directed by: Nicholas Meyer
 - Release Date: 1982-06-04
 - Id: 29999666-4075-40f1-a302-b28f0fc398c4Movie is registeredat2023-02-1019:40:09.430392200* Star Trek Into Darkness
 - Directed by: J.J. Abrams
 - Release Date: 2013-05-05
 - Id: d0428270-0640-469a-a5e7-bf1c4b0c31e7Book is registeredat2023-02-1019:40:09.430392200* The Hunger Games
 - Written by: Suzanne Collins
 - Published: 2008-09-14
 - Id: bbfdc173-2f71-4abb-9340-907e36e0556eMovie is registeredat2023-02-1019:40:09.430891600* The Lord of the Rings: The Return of the King
 - Directed by: Peter Jackson
 - Release Date: 2003-12-01
 - Id: 78c6eed0-ba45-4987-8fd8-5c1fbd8e47b6Movie is registeredat2023-02-1019:40:09.431549* The Lord of the Rings: The Two Towers
 - Directed by: Peter Jackson
 - Release Date: 2002-12-18
 - Id: 42963c38-74da-4110-ba4c-f7d91afc91abMovie is registeredat2023-02-1019:40:09.431549* The Lord of the Rings: The Fellowship of the Ring
 - Directed by: Peter Jackson
 - Release Date: 2001-12-18
 - Id: 887a3d5e-82b1-4be1-bf79-175e637d2f7eMovie is registeredat2023-02-1019:40:09.431549* Memento
 - Directed by: Christopher Nolan
 - Release Date: 2000-10-11
 - Id: 742df583-100c-42d2-b999-f8b1d61993f1Movie is registeredat2023-02-1019:40:09.431549* Inception
 - Directed by: Christopher Nolan
 - Release Date: 2010-07-15
 - Id: 225bfb44-da68-43e8-b1a6-ace9cf69b9e5Book is registeredat2023-02-1019:40:09.434604400* Piranesi
 - Written by: Susanna Clarke
 - Published: 2020-09-15
 - Id: 0b65c2de-a293-40f3-8a45-ff08c4d8ada7Tool is registeredat2023-02-1019:40:09.434604400* hand saw
 - Manufacturer: Craftsman
 - Amount: 1
 - Id: b4901ed3-fbd0-4d42-9819-e603821c6cceBook is registeredat2023-02-1019:40:09.435610600* Once Upon an Algorithm
 - Written by: Martin Erwig
 - Published: 2017-08-11
 - Id: 52797482-a00a-4b83-aca5-5324f009dcbbTool is registeredat2023-02-1019:40:09.435610600* socket wrench
 - Manufacturer: DeWalt
 - Amount: 1
 - Id: 4f8159d1-9bf1-462a-ba4d-56f05d70b5ccMovie is registeredat2023-02-1019:40:09.436610* Rouge One
 - Directed by: Gareth Edwards
 - Release Date: 2016-12-16
 - Id: a7bb445a-b30d-49ad-9aea-c4691d9d8d97Movie is registeredat2023-02-1019:40:09.437531700* Star Wars
 - Directed by: George Lucas
 - Release Date: 1977-05-25
 - Id: 93c3002d-ca70-48f1-b20f-44658b8724b1Tool is registeredat2023-02-1019:40:09.437531700* pry bar
 - Manufacturer: Stanley
 - Amount: 2
 - Id: 1b93687e-9afd-46a7-a9d8-04fecfb221c5Movie is registeredat2023-02-1019:40:09.438052900* Back to the Future
 - Directed by: Robert Zemeckis
 - Release Date: 1985-07-03
 - Id: 60772504-9ffa-4be6-93fa-5c8c23a9bfa0Movie is registeredat2023-02-1019:40:09.438314300* Back to the Future Part II
 - Directed by: Robert Zemeckis
 - Release Date: 1989-11-22
 - Id: 7f414454-fa1c-4341-9797-4c5342ed2a70Movie is registeredat2023-02-1019:40:09.438892500* Back to the Future Part III
 - Directed by: Robert Zemeckis
 - Release Date: 1990-05-25
 - Id: 7ef4093b-873d-49a5-9bbb-d819b930dc49Tool is registeredat2023-02-1019:40:09.438892500* hammer
 - Manufacturer: Vaughan
 - Amount: 2
 - Id: aa9fa354-08c2-4b60-887a-52b37eee7274Tool is registeredat2023-02-1019:40:09.439554* hammer
 - Manufacturer: Craftsman
 - Amount: 1
 - Id: 3f963f70-5869-4ba9-953b-35842d8ae9e3Movie is registeredat2023-02-1019:40:09.439850100* The Fifth Element
 - Directed by: Luc Besson
 - Release Date: 1997-05-02
 - Id: bd31dff3-3c19-4412-bc12-413875d1f479Tool is registeredat2023-02-1019:40:09.439850100* hand saw
 - Manufacturer: Stanley
 - Amount: 3
 - Id: c0a97e16-9ee2-4a44-bcac-34ff039da810Movie is registeredat2023-02-1019:40:09.439850100* The Lord of the Rings: The Fellowship of the Ring
 - Directed by: Peter Jackson
 - Release Date: 2001-12-18
 - Id: 9147e8c7-7d85-4745-9335-783f5a3334c1Movie is registeredat2023-02-1019:40:09.439850100* The Lord of the Rings: The Two Towers
 - Directed by: Peter Jackson
 - Release Date: 2002-12-18
 - Id: 08c3dbae-9d87-4988-8621-d8539fc48ab3Movie is registeredat2023-02-1019:40:09.441116600* The Lord of the Rings: The Return of the King
 - Directed by: Peter Jackson
 - Release Date: 2003-12-01
 - Id: 19ac0b43-a82f-49e1-9480-ead565a235f6Movie is registeredat2023-02-1019:40:09.441116600* Close Encounters of the Third Kind
 - Directed by: Steven Spielberg
 - Release Date: 1977-11-18
 - Id: 43242cc4-936f-49ef-860c-5d04d08852c1Tool is registeredat2023-02-1019:40:09.441755200* power drill
 - Manufacturer: Milwaukee
 - Amount: 2
 - Id: 17ce8e2b-f30b-4ad6-95c1-2dc1ec57fcb5Tool is registeredat2023-02-1019:40:09.442255200* stapler
 - Manufacturer: DeWalt
 - Amount: 2
 - Id: d30873f8-22f2-45f8-9990-372808059ec9Tool is registeredat2023-02-1019:40:09.443008300* socket wrench
 - Manufacturer: DeWalt
 - Amount: 2
 - Id: e97e5094-bf0b-4b47-b45c-18416f5c618aMovie is registeredat2023-02-1019:40:09.443511700* Star Trek Into Darkness
 - Directed by: J.J. Abrams
 - Release Date: 2013-05-05
 - Id: c090a5b3-6d0a-48ff-84f0-121c73fed283Movie is registeredat2023-02-1019:40:09.444970* Jurassic Park
 - Directed by: Steven Spielberg
 - Release Date: 1993-06-11
 - Id: 09d3a642-62d8-4a50-aef4-889c16be392dBook is registeredat2023-02-1019:40:09.445887900* Raising Steam
 - Written by: Terry Pratchett
 - Published: 2013-11-07
 - Id: 11f22e01-c782-4810-85da-a7083d61c74bBook is registeredat2023-02-1019:40:09.446237900* Making Money
 - Written by: Terry Pratchett
 - Published: 2007-09-18
 - Id: da54b955-991f-4068-a19a-712f90d0fb13Book is registeredat2023-02-1019:40:09.446237900* Going Postal
 - Written by: Terry Pratchett
 - Published: 2004-09-25
 - Id: e755d88b-f202-4ab5-ad61-3a86d5603cb4Book is registeredat2023-02-1019:40:09.446762700* Exhalation
 - Written by: Ted Chiang
 - Published: 2008-11-15
 - Id: 3dd2ea3b-7560-443e-8b57-e4ee4f84b373Book is registeredat2023-02-1019:40:09.447073* Jurassic Park
 - Written by: Michael Crichton
 - Published: 1990-11-20
 - Id: c7642252-66d5-4841-b2ca-412d2aa11e94Book is registeredat2023-02-1019:40:09.447073* Good Omens: The Nice and Accurate Prophecies of Agnes Nutter, Witch
 - Written by: Terry Pratchett & Neil Gaiman
 - Published: 1990-05-01
 - Id: 77a0a515-7a8f-4c6a-a917-e2290374f108Book is registeredat2023-02-1019:40:09.447073* The Hitchhiker's Guide to the Galaxy
 - Written by: Douglas Adams
 - Published: 1979-10-12
 - Id: 0081d15d-0401-43a2-9dd3-6e89e278c3a8Movie is registeredat2023-02-1019:40:09.447073* The Hitchhiker's Guide to the Galaxy
 - Directed by: Garth Jennings
 - Release Date: 2005-04-28
 - Id: 075b4f26-900a-437e-91c6-347bfdca5113Book is registeredat2023-02-1019:40:09.448353900* The Two Towers
 - Written by: J. R. R. Tolkien
 - Published: 1954-11-11
 - Id: ddc0fc05-3b44-4a5f-9efc-575a0c65d3fbBook is registeredat2023-02-1019:40:09.448712700* The Fellowship of the Ring
 - Written by: J. R. R. Tolkien
 - Published: 1954-07-29
 - Id: fdbcf95b-4f7b-429c-8dd0-907fead027c0Book is registeredat2023-02-1019:40:09.449116900* The Return of the King
 - Written by: J. R. R. Tolkien
 - Published: 1955-10-20
 - Id: a69f0099-c37a-4ca8-9312-6452cee4cb75Book is registeredat2023-02-1019:40:09.449116900* Animal Farm
 - Written by: George Orwell
 - Published: 1945-08-17
 - Id: 65703bcc-8ab5-46d1-9536-9c0e35b6ac58Book is registeredat2023-02-1019:40:09.449116900* Racing the Beam
 - Written by: Nick Montfort and Ian Bogost
 - Published: 2009-03-01
 - Id: 38794824-06bd-46a1-97ae-7ad1c6d29130Book is registeredat2023-02-1019:40:09.450106600* Programming for the Puzzled
 - Written by: Srini Devadas
 - Published: 2017-11-09
 - Id: 72a691c1-a003-4185-ba7f-2ea715f20923Book is registeredat2023-02-1019:40:09.450106600* Once Upon an Algorithm
 - Written by: Martin Erwig
 - Published: 2017-08-11
 - Id: 81bcbb5d-d43d-4333-bbaf-6ced3f246f7aMovie is registeredat2023-02-1019:40:09.450772200* Home Alone
 - Directed by: Chris Columbus
 - Release Date: 1990-11-16
 - Id: 13dfdeea-4f8a-4a8b-8e24-c971a32571bdBook is registeredat2023-02-1019:40:09.450772200* The Moon is a Harsh Mistress
 - Written by: Robert A. Heinlein
 - Published: 1966-06-02
 - Id: bea61175-7960-412d-92ea-3da684dd3e58Book is registeredat2023-02-1019:40:09.450772200* Stranger in a Strange Land
 - Written by: Robert A. Heinlein
 - Published: 1961-06-01
 - Id: 503a21a3-1e4f-4ccd-b97a-b0757f8ddd09